\BOOKMARK [1][-]{section.1}{\376\377\000I\000n\000t\000r\000o\000d\000u\000c\000t\000i\000o\000n}{}% 1
\BOOKMARK [1][-]{section.2}{\376\377\000R\000e\000l\000a\000t\000e\000d\000\040\000W\000o\000r\000k}{}% 2
\BOOKMARK [1][-]{section.3}{\376\377\000P\000l\000a\000t\000f\000o\000r\000m}{}% 3
\BOOKMARK [2][-]{subsection.3.1}{\376\377\000I\000n\000t\000e\000r\000f\000a\000c\000e\000s}{section.3}% 4
\BOOKMARK [2][-]{subsection.3.2}{\376\377\000V\000a\000l\000i\000d\000a\000t\000i\000o\000n\000\040\000D\000i\000s\000c\000i\000p\000l\000i\000n\000e}{section.3}% 5
\BOOKMARK [2][-]{subsection.3.3}{\376\377\000M\000i\000n\000d\000\040\000L\000a\000d\000d\000e\000r}{section.3}% 6
\BOOKMARK [1][-]{section.4}{\376\377\000E\000n\000v\000i\000r\000o\000n\000m\000e\000n\000t\000\040\0001\000:\000\040\000P\000r\000i\000c\000i\000n\000g\000\040\000A\000r\000e\000n\000a}{}% 7
\BOOKMARK [2][-]{subsection.4.1}{\376\377\000W\000o\000r\000l\000d}{section.4}% 8
\BOOKMARK [2][-]{subsection.4.2}{\376\377\000M\000e\000t\000r\000i\000c\000s}{section.4}% 9
\BOOKMARK [2][-]{subsection.4.3}{\376\377\000M\000a\000i\000n\000\040\000R\000e\000s\000u\000l\000t}{section.4}% 10
\BOOKMARK [1][-]{section.5}{\376\377\000E\000n\000v\000i\000r\000o\000n\000m\000e\000n\000t\000\040\0002\000:\000\040\000R\000e\000s\000o\000u\000r\000c\000e\000\040\000I\000s\000l\000a\000n\000d}{}% 11
\BOOKMARK [2][-]{subsection.5.1}{\376\377\000W\000o\000r\000l\000d}{section.5}% 12
\BOOKMARK [2][-]{subsection.5.2}{\376\377\000W\000h\000a\000t\000\040\000v\0000\000\040\000T\000a\000u\000g\000h\000t}{section.5}% 13
\BOOKMARK [2][-]{subsection.5.3}{\376\377\000v\0001\000\040\000H\000a\000r\000d\000e\000n\000i\000n\000g}{section.5}% 14
\BOOKMARK [2][-]{subsection.5.4}{\376\377\000C\000r\000o\000s\000s\000-\000M\000i\000n\000d\000\040\000R\000e\000s\000o\000u\000r\000c\000e\000\040\000I\000s\000l\000a\000n\000d}{section.5}% 15
\BOOKMARK [1][-]{section.6}{\376\377\000E\000n\000v\000i\000r\000o\000n\000m\000e\000n\000t\000\040\0003\000:\000\040\000A\000u\000c\000t\000i\000o\000n\000\040\000H\000o\000u\000s\000e}{}% 16
\BOOKMARK [2][-]{subsection.6.1}{\376\377\000W\000o\000r\000l\000d}{section.6}% 17
\BOOKMARK [2][-]{subsection.6.2}{\376\377\000B\000e\000n\000c\000h\000m\000a\000r\000k\000s}{section.6}% 18
\BOOKMARK [2][-]{subsection.6.3}{\376\377\000V\000a\000l\000i\000d\000a\000t\000i\000o\000n}{section.6}% 19
\BOOKMARK [1][-]{section.7}{\376\377\000E\000n\000v\000i\000r\000o\000n\000m\000e\000n\000t\000\040\0004\000:\000\040\000P\000u\000b\000l\000i\000c\000\040\000G\000o\000o\000d\000s}{}% 20
\BOOKMARK [2][-]{subsection.7.1}{\376\377\000W\000o\000r\000l\000d}{section.7}% 21
\BOOKMARK [2][-]{subsection.7.2}{\376\377\000Q\000-\000L\000e\000a\000r\000n\000i\000n\000g\000\040\000F\000u\000l\000l\000\040\000R\000u\000n}{section.7}% 22
\BOOKMARK [2][-]{subsection.7.3}{\376\377\000C\000r\000o\000s\000s\000-\000M\000i\000n\000d\000\040\000S\000t\000a\000t\000u\000s}{section.7}% 23
\BOOKMARK [1][-]{section.8}{\376\377\000E\000n\000v\000i\000r\000o\000n\000m\000e\000n\000t\000\040\0005\000:\000\040\000L\000a\000b\000o\000r\000\040\000M\000a\000r\000k\000e\000t}{}% 24
\BOOKMARK [2][-]{subsection.8.1}{\376\377\000W\000o\000r\000l\000d}{section.8}% 25
\BOOKMARK [2][-]{subsection.8.2}{\376\377\000Q\000-\000L\000e\000a\000r\000n\000i\000n\000g\000\040\000F\000u\000l\000l\000\040\000R\000u\000n}{section.8}% 26
\BOOKMARK [2][-]{subsection.8.3}{\376\377\000C\000r\000o\000s\000s\000-\000M\000i\000n\000d\000\040\000S\000t\000a\000t\000u\000s}{section.8}% 27
\BOOKMARK [1][-]{section.9}{\376\377\000C\000r\000o\000s\000s\000-\000W\000o\000r\000l\000d\000\040\000S\000y\000n\000t\000h\000e\000s\000i\000s}{}% 28
\BOOKMARK [1][-]{section.10}{\376\377\000L\000i\000m\000i\000t\000a\000t\000i\000o\000n\000s}{}% 29
\BOOKMARK [1][-]{section.11}{\376\377\000R\000e\000p\000r\000o\000d\000u\000c\000i\000b\000i\000l\000i\000t\000y}{}% 30
\BOOKMARK [1][-]{section.12}{\376\377\000C\000o\000n\000c\000l\000u\000s\000i\000o\000n}{}% 31
